<?xml version="1.0" encoding="UTF-8"?>
<testsuite xmlns:xsi="http://www.w3.org/2001/XMLSchema-instance" xsi:noNamespaceSchemaLocation="https://maven.apache.org/surefire/maven-surefire-plugin/xsd/surefire-test-report-3.0.xsd" version="3.0" name="com.example.junitdemo.SampleTestFileTest" time="0.122" tests="5" errors="0" skipped="0" failures="0">
  <properties>
[...]
</properties>
  <testcase name="checkMultiply" classname="com.example.junitdemo.SampleTestFileTest" time="0.065"/>
  <testcase name="checkCondition" classname="com.example.junitdemo.SampleTestFileTest" time="0.003"/>
  <testcase name="checkAssertionAll" classname="com.example.junitdemo.SampleTestFileTest" time="0.006"/>
  <testcase name="checkadd" classname="com.example.junitdemo.SampleTestFileTest" time="0.001"/>
  <testcase name="testThrows" classname="com.example.junitdemo.SampleTestFileTest" time="0.01"/>
</testsuite>